<?xml version="1.0" encoding="UTF-8"?>
<testng-results ignored="0" total="1" passed="1" failed="0" skipped="0">
  <reporter-output>
  </reporter-output>
  <suite started-at="2025-12-09T12:16:37 IST" name="Default suite" finished-at="2025-12-09T12:16:40 IST" duration-ms="2829">
    <groups>
    </groups>
    <test started-at="2025-12-09T12:16:37 IST" name="Default test" finished-at="2025-12-09T12:16:40 IST" duration-ms="2829">
      <class name="com.ninza.hrm.api.projecttest.ProjectTest">
        <test-method signature="createProject()[pri:0, instance:com.ninza.hrm.api.projecttest.ProjectTest@1189dd52]" started-at="2025-12-09T12:16:37 IST" name="createProject" finished-at="2025-12-09T12:16:40 IST" duration-ms="2776" status="PASS">
          <reporter-output>
          </reporter-output>
        </test-method> <!-- createProject -->
      </class> <!-- com.ninza.hrm.api.projecttest.ProjectTest -->
    </test> <!-- Default test -->
  </suite> <!-- Default suite -->
</testng-results>
